<?xml version="1.0" encoding="UTF-8"?><testrun name="Project2Test" project="Project" tests="18" started="18" failures="1" errors="0" ignored="0">
  <testsuite name="Project2Test" time="8.422">
    <testsuite name="ThreadTest" time="6.292">
      <testsuite name="ThreadTest.ThreadConfigurationTest" time="3.811">
        <testcase name="testNumberThreadsNegative" classname="ThreadTest.ThreadConfigurationTest" time="1.976"/>
        <testcase name="testNumberThreadsString" classname="ThreadTest.ThreadConfigurationTest" time="0.993"/>
        <testcase name="testNumberThreadsDecimal" classname="ThreadTest.ThreadConfigurationTest" time="0.842"/>
      </testsuite>
      <testsuite name="ThreadTest.ThreadOutputTest" time="2.481">
        <testcase name="testComplexOneThread" classname="ThreadTest.ThreadOutputTest" time="1.284"/>
        <testcase name="testSimpleTenThreads" classname="ThreadTest.ThreadOutputTest" time="0.005"/>
        <testcase name="testComplexFiveThreads" classname="ThreadTest.ThreadOutputTest" time="0.607"/>
        <testcase name="testComplexTenThreads" classname="ThreadTest.ThreadOutputTest" time="0.585"/>
      </testsuite>
    </testsuite>
    <testsuite name="LibraryTest" time="2.123">
      <testcase name="testByTag" classname="LibraryTest" time="0.62"/>
      <testcase name="testBadInputPath" classname="LibraryTest" time="0.004"/>
      <testcase name="testSimpleByArtistWithTxtFile" classname="LibraryTest" time="0.003"/>
      <testcase name="testByTitle" classname="LibraryTest" time="0.704"/>
      <testcase name="testBadOutputPath" classname="LibraryTest" time="0.002"/>
      <testcase name="testSimpleByArtist" classname="LibraryTest" time="0.003"/>
      <testcase name="testByArtist" classname="LibraryTest" time="0.784"/>
      <testcase name="testBadOrderValue" classname="LibraryTest" time="0.002"/>
    </testsuite>
    <testsuite name="ProjectTest" time="0.007">
      <testcase name="testNoArguments" classname="ProjectTest" time="0.001"/>
      <testcase name="testEnvironment" classname="ProjectTest" time="0.001"/>
      <testcase name="testBadArguments" classname="ProjectTest" time="0.005">
        <failure>java.lang.AssertionError: 
Test Case: Bad Arguments
Exception: java.lang.NullPointerException
	at sun.nio.fs.UnixPath.normalizeAndCheck(UnixPath.java:77)
	at sun.nio.fs.UnixPath.&lt;init&gt;(UnixPath.java:71)
	at sun.nio.fs.UnixFileSystem.getPath(UnixFileSystem.java:281)
	at java.nio.file.Paths.get(Paths.java:84)
	at Driver.main(Driver.java:14)
	at ProjectTest.checkExceptions(ProjectTest.java:137)
	at ProjectTest.testBadArguments(ProjectTest.java:264)
	at sun.reflect.NativeMethodAccessorImpl.invoke0(Native Method)
	at sun.reflect.NativeMethodAccessorImpl.invoke(NativeMethodAccessorImpl.java:62)
	at sun.reflect.DelegatingMethodAccessorImpl.invoke(DelegatingMethodAccessorImpl.java:43)
	at java.lang.reflect.Method.invoke(Method.java:497)
	at org.junit.runners.model.FrameworkMethod$1.runReflectiveCall(FrameworkMethod.java:50)
	at org.junit.internal.runners.model.ReflectiveCallable.run(ReflectiveCallable.java:12)
	at org.junit.runners.model.FrameworkMethod.invokeExplosively(FrameworkMethod.java:47)
	at org.junit.internal.runners.statements.InvokeMethod.evaluate(InvokeMethod.java:17)
	at org.junit.runners.ParentRunner.runLeaf(ParentRunner.java:325)
	at org.junit.runners.BlockJUnit4ClassRunner.runChild(BlockJUnit4ClassRunner.java:78)
	at org.junit.runners.BlockJUnit4ClassRunner.runChild(BlockJUnit4ClassRunner.java:57)
	at org.junit.runners.ParentRunner$3.run(ParentRunner.java:290)
	at org.junit.runners.ParentRunner$1.schedule(ParentRunner.java:71)
	at org.junit.runners.ParentRunner.runChildren(ParentRunner.java:288)
	at org.junit.runners.ParentRunner.access$000(ParentRunner.java:58)
	at org.junit.runners.ParentRunner$2.evaluate(ParentRunner.java:268)
	at org.junit.runners.ParentRunner.run(ParentRunner.java:363)
	at org.junit.runners.Suite.runChild(Suite.java:128)
	at org.junit.runners.Suite.runChild(Suite.java:27)
	at org.junit.runners.ParentRunner$3.run(ParentRunner.java:290)
	at org.junit.runners.ParentRunner$1.schedule(ParentRunner.java:71)
	at org.junit.runners.ParentRunner.runChildren(ParentRunner.java:288)
	at org.junit.runners.ParentRunner.access$000(ParentRunner.java:58)
	at org.junit.runners.ParentRunner$2.evaluate(ParentRunner.java:268)
	at org.junit.runners.ParentRunner.run(ParentRunner.java:363)
	at org.eclipse.jdt.internal.junit4.runner.JUnit4TestReference.run(JUnit4TestReference.java:86)
	at org.eclipse.jdt.internal.junit.runner.TestExecution.run(TestExecution.java:38)
	at org.eclipse.jdt.internal.junit.runner.RemoteTestRunner.runTests(RemoteTestRunner.java:459)
	at org.eclipse.jdt.internal.junit.runner.RemoteTestRunner.runTests(RemoteTestRunner.java:675)
	at org.eclipse.jdt.internal.junit.runner.RemoteTestRunner.run(RemoteTestRunner.java:382)
	at org.eclipse.jdt.internal.junit.runner.RemoteTestRunner.main(RemoteTestRunner.java:192)


	at org.junit.Assert.fail(Assert.java:88)
	at ProjectTest.checkExceptions(ProjectTest.java:143)
	at ProjectTest.testBadArguments(ProjectTest.java:264)
	at sun.reflect.NativeMethodAccessorImpl.invoke0(Native Method)
	at sun.reflect.NativeMethodAccessorImpl.invoke(NativeMethodAccessorImpl.java:62)
	at sun.reflect.DelegatingMethodAccessorImpl.invoke(DelegatingMethodAccessorImpl.java:43)
	at java.lang.reflect.Method.invoke(Method.java:497)
	at org.junit.runners.model.FrameworkMethod$1.runReflectiveCall(FrameworkMethod.java:50)
	at org.junit.internal.runners.model.ReflectiveCallable.run(ReflectiveCallable.java:12)
	at org.junit.runners.model.FrameworkMethod.invokeExplosively(FrameworkMethod.java:47)
	at org.junit.internal.runners.statements.InvokeMethod.evaluate(InvokeMethod.java:17)
	at org.junit.runners.ParentRunner.runLeaf(ParentRunner.java:325)
	at org.junit.runners.BlockJUnit4ClassRunner.runChild(BlockJUnit4ClassRunner.java:78)
	at org.junit.runners.BlockJUnit4ClassRunner.runChild(BlockJUnit4ClassRunner.java:57)
	at org.junit.runners.ParentRunner$3.run(ParentRunner.java:290)
	at org.junit.runners.ParentRunner$1.schedule(ParentRunner.java:71)
	at org.junit.runners.ParentRunner.runChildren(ParentRunner.java:288)
	at org.junit.runners.ParentRunner.access$000(ParentRunner.java:58)
	at org.junit.runners.ParentRunner$2.evaluate(ParentRunner.java:268)
	at org.junit.runners.ParentRunner.run(ParentRunner.java:363)
	at org.junit.runners.Suite.runChild(Suite.java:128)
	at org.junit.runners.Suite.runChild(Suite.java:27)
	at org.junit.runners.ParentRunner$3.run(ParentRunner.java:290)
	at org.junit.runners.ParentRunner$1.schedule(ParentRunner.java:71)
	at org.junit.runners.ParentRunner.runChildren(ParentRunner.java:288)
	at org.junit.runners.ParentRunner.access$000(ParentRunner.java:58)
	at org.junit.runners.ParentRunner$2.evaluate(ParentRunner.java:268)
	at org.junit.runners.ParentRunner.run(ParentRunner.java:363)
	at org.eclipse.jdt.internal.junit4.runner.JUnit4TestReference.run(JUnit4TestReference.java:86)
	at org.eclipse.jdt.internal.junit.runner.TestExecution.run(TestExecution.java:38)
	at org.eclipse.jdt.internal.junit.runner.RemoteTestRunner.runTests(RemoteTestRunner.java:459)
	at org.eclipse.jdt.internal.junit.runner.RemoteTestRunner.runTests(RemoteTestRunner.java:675)
	at org.eclipse.jdt.internal.junit.runner.RemoteTestRunner.run(RemoteTestRunner.java:382)
	at org.eclipse.jdt.internal.junit.runner.RemoteTestRunner.main(RemoteTestRunner.java:192)

</failure>
      </testcase>
    </testsuite>
  </testsuite>
</testrun>
